{"meta": {"version": "7.4.0", "timestamp": "2025-06-17T07:44:28.538635", "branch_coverage": false, "show_contexts": false}, "files": {"accounts/__init__.py": {"executed_lines": [0], "summary": {"covered_lines": 0, "num_statements": 0, "percent_covered": 100.0, "percent_covered_display": "100", "missing_lines": 0, "excluded_lines": 0}, "missing_lines": [], "excluded_lines": []}, "accounts/admin.py": {"executed_lines": [1, 2, 3, 4, 7, 9, 10, 11, 19, 25, 26, 27, 30, 31, 32, 33, 34, 35, 38], "summary": {"covered_lines": 19, "num_statements": 19, "percent_covered": 100.0, "percent_covered_display": "100", "missing_lines": 0, "excluded_lines": 0}, "missing_lines": [], "excluded_lines": []}, "accounts/apps.py": {"executed_lines": [1, 4, 5, 6], "summary": {"covered_lines": 4, "num_statements": 4, "percent_covered": 100.0, "percent_covered_display": "100", "missing_lines": 0, "excluded_lines": 0}, "missing_lines": [], "excluded_lines": []}, "accounts/emails.py": {"executed_lines": [1, 2, 3, 4, 7, 9, 11, 17, 18, 21, 31], "summary": {"covered_lines": 11, "num_statements": 16, "percent_covered": 68.75, "percent_covered_display": "69", "missing_lines": 5, "excluded_lines": 0}, "missing_lines": [33, 35, 41, 42, 45], "excluded_lines": []}, "accounts/management/__init__.py": {"executed_lines": [], "summary": {"covered_lines": 0, "num_statements": 0, "percent_covered": 100.0, "percent_covered_display": "100", "missing_lines": 0, "excluded_lines": 0}, "missing_lines": [], "excluded_lines": []}, "accounts/management/commands/__init__.py": {"executed_lines": [], "summary": {"covered_lines": 0, "num_statements": 0, "percent_covered": 100.0, "percent_covered_display": "100", "missing_lines": 0, "excluded_lines": 0}, "missing_lines": [], "excluded_lines": []}, "accounts/management/commands/cleanup_profile_pictures.py": {"executed_lines": [], "summary": {"covered_lines": 0, "num_statements": 37, "percent_covered": 0.0, "percent_covered_display": "0", "missing_lines": 37, "excluded_lines": 0}, "missing_lines": [1, 2, 3, 5, 8, 9, 11, 12, 14, 16, 17, 18, 20, 21, 22, 23, 24, 25, 26, 27, 28, 29, 31, 32, 34, 35, 36, 37, 38, 39, 40, 41, 42, 43, 45, 46, 48], "excluded_lines": []}, "accounts/management/commands/create_admin.py": {"executed_lines": [], "summary": {"covered_lines": 0, "num_statements": 16, "percent_covered": 0.0, "percent_covered_display": "0", "missing_lines": 16, "excluded_lines": 0}, "missing_lines": [1, 2, 4, 7, 8, 10, 12, 13, 16, 17, 18, 21, 29, 30, 31, 32], "excluded_lines": []}, "accounts/middleware.py": {"executed_lines": [1, 2, 3, 4, 5, 6, 8, 9, 10, 12, 13, 14, 38, 39, 40, 42, 43, 46, 47, 48, 49, 52, 53, 55, 58, 59, 60, 62, 63, 64, 91], "summary": {"covered_lines": 31, "num_statements": 60, "percent_covered": 51.666666666666664, "percent_covered_display": "52", "missing_lines": 29, "excluded_lines": 0}, "missing_lines": [16, 18, 20, 21, 23, 24, 26, 27, 32, 35, 66, 67, 69, 70, 72, 73, 74, 76, 78, 80, 81, 86, 87, 89, 92, 93, 94, 96, 97], "excluded_lines": []}, "accounts/migrations/0001_initial.py": {"executed_lines": [], "summary": {"covered_lines": 0, "num_statements": 10, "percent_covered": 0.0, "percent_covered_display": "0", "missing_lines": 10, "excluded_lines": 0}, "missing_lines": [3, 4, 5, 6, 7, 8, 11, 13, 15, 19], "excluded_lines": []}, "accounts/migrations/__init__.py": {"executed_lines": [], "summary": {"covered_lines": 0, "num_statements": 0, "percent_covered": 100.0, "percent_covered_display": "100", "missing_lines": 0, "excluded_lines": 0}, "missing_lines": [], "excluded_lines": []}, "accounts/models.py": {"executed_lines": [1, 2, 3, 4, 5, 6, 7, 8, 9, 10, 13, 20, 27, 28, 29, 31, 34, 37, 38, 39, 40, 42, 43, 46, 47, 48, 50, 51, 56, 61, 62, 63, 64, 66, 80, 81, 87, 88, 89, 90, 91, 92, 100, 107, 113, 114, 116, 121, 129, 131, 133, 134, 136, 137, 138, 140, 141, 143, 146, 149, 153, 154, 159, 160, 161, 162, 163, 164, 166, 169, 170, 171, 173, 176, 177, 178, 179, 181, 182], "summary": {"covered_lines": 79, "num_statements": 102, "percent_covered": 77.45098039215686, "percent_covered_display": "77", "missing_lines": 23, "excluded_lines": 0}, "missing_lines": [16, 17, 23, 24, 30, 52, 53, 59, 67, 68, 69, 70, 72, 73, 74, 75, 77, 144, 147, 151, 156, 167, 174], "excluded_lines": []}, "accounts/permissions.py": {"executed_lines": [], "summary": {"covered_lines": 0, "num_statements": 22, "percent_covered": 0.0, "percent_covered_display": "0", "missing_lines": 22, "excluded_lines": 0}, "missing_lines": [1, 4, 8, 9, 12, 16, 17, 20, 24, 25, 28, 32, 33, 34, 35, 38, 43, 44, 45, 48, 49, 52], "excluded_lines": []}, "accounts/schema.py": {"executed_lines": [], "summary": {"covered_lines": 0, "num_statements": 20, "percent_covered": 0.0, "percent_covered_display": "0", "missing_lines": 20, "excluded_lines": 0}, "missing_lines": [1, 2, 3, 5, 6, 7, 8, 9, 10, 52, 53, 71, 72, 82, 83, 93, 94, 120, 121, 131], "excluded_lines": []}, "accounts/serializers.py": {"executed_lines": [1, 2, 3, 4, 5, 7, 9, 12, 13, 14, 15, 16, 18, 19, 20, 24, 26, 27, 29, 30, 32, 33, 41, 43, 44, 45, 46, 49, 50, 52, 57, 79, 80, 81, 83, 84, 85, 87, 88, 91, 92, 94, 95, 109, 111, 112, 114, 115, 118, 119, 120, 121, 123, 129, 130, 131, 132, 134, 135, 136, 137, 138, 140, 141, 142, 146, 148, 151, 155, 156, 158, 159, 160, 162], "summary": {"covered_lines": 74, "num_statements": 111, "percent_covered": 66.66666666666667, "percent_covered_display": "67", "missing_lines": 37, "excluded_lines": 0}, "missing_lines": [34, 35, 36, 37, 38, 39, 40, 47, 53, 54, 55, 58, 59, 61, 62, 63, 65, 66, 67, 69, 71, 72, 73, 74, 76, 89, 96, 99, 100, 101, 105, 124, 125, 126, 149, 152, 163], "excluded_lines": []}, "accounts/tests.py": {"executed_lines": [], "summary": {"covered_lines": 0, "num_statements": 225, "percent_covered": 0.0, "percent_covered_display": "0", "missing_lines": 225, "excluded_lines": 0}, "missing_lines": [1, 2, 3, 4, 5, 6, 7, 8, 10, 13, 15, 17, 24, 25, 26, 27, 28, 29, 31, 33, 40, 41, 42, 43, 44, 46, 48, 55, 56, 57, 58, 59, 62, 64, 65, 66, 68, 70, 78, 80, 81, 84, 85, 86, 87, 89, 91, 99, 101, 102, 105, 106, 107, 108, 110, 112, 120, 122, 123, 125, 127, 135, 137, 138, 140, 142, 150, 152, 153, 155, 157, 165, 167, 168, 171, 173, 174, 176, 183, 184, 186, 188, 190, 193, 194, 197, 198, 200, 202, 203, 205, 208, 209, 212, 214, 215, 217, 224, 225, 226, 227, 229, 231, 236, 238, 239, 240, 242, 244, 249, 251, 253, 256, 260, 261, 264, 267, 269, 270, 272, 275, 279, 280, 283, 284, 286, 287, 288, 289, 291, 294, 298, 299, 300, 303, 304, 307, 309, 312, 315, 317, 320, 321, 323, 324, 325, 328, 336, 337, 340, 348, 349, 350, 353, 354, 358, 359, 360, 362, 363, 364, 365, 367, 368, 369, 371, 372, 374, 375, 376, 377, 378, 380, 381, 382, 383, 385, 386, 387, 388, 390, 391, 392, 393, 394, 396, 397, 399, 403, 405, 406, 408, 409, 411, 412, 413, 416, 423, 426, 433, 441, 442, 443, 444, 445, 446, 448, 449, 450, 451, 452, 453, 455, 456, 457, 458, 459, 461, 462, 463, 464, 466, 467, 468, 469], "excluded_lines": []}, "accounts/tokens.py": {"executed_lines": [1, 2, 3, 4, 6, 8, 11, 14, 20, 22], "summary": {"covered_lines": 10, "num_statements": 17, "percent_covered": 58.8235294117647, "percent_covered_display": "59", "missing_lines": 7, "excluded_lines": 0}, "missing_lines": [27, 29, 36, 37, 39, 40, 41], "excluded_lines": []}, "accounts/urls.py": {"executed_lines": [1, 2, 6, 7, 9, 11], "summary": {"covered_lines": 6, "num_statements": 6, "percent_covered": 100.0, "percent_covered_display": "100", "missing_lines": 0, "excluded_lines": 0}, "missing_lines": [], "excluded_lines": []}, "accounts/utils.py": {"executed_lines": [1, 2, 3, 4, 5, 6, 9, 11, 13, 14, 15, 16, 19, 44, 109], "summary": {"covered_lines": 15, "num_statements": 77, "percent_covered": 19.48051948051948, "percent_covered_display": "19", "missing_lines": 62, "excluded_lines": 0}, "missing_lines": [7, 8, 21, 24, 25, 28, 29, 30, 33, 34, 35, 36, 37, 38, 39, 41, 46, 48, 49, 50, 51, 52, 54, 56, 59, 60, 61, 62, 63, 64, 67, 68, 71, 73, 74, 77, 78, 79, 80, 83, 86, 89, 90, 91, 94, 95, 98, 99, 100, 102, 104, 105, 106, 111, 112, 113, 114, 116, 117, 118, 119, 120], "excluded_lines": []}, "accounts/utils_simple.py": {"executed_lines": [], "summary": {"covered_lines": 0, "num_statements": 26, "percent_covered": 0.0, "percent_covered_display": "0", "missing_lines": 26, "excluded_lines": 0}, "missing_lines": [2, 3, 4, 5, 7, 9, 10, 13, 15, 18, 19, 22, 23, 24, 26, 29, 31, 33, 34, 35, 39, 40, 42, 44, 45, 46], "excluded_lines": []}, "accounts/views.py": {"executed_lines": [1, 2, 3, 4, 5, 7, 8, 9, 10, 11, 12, 13, 14, 15, 16, 18, 20, 21, 22, 23, 29, 32, 33, 35, 36, 38, 40, 41, 42, 43, 44, 48, 51, 52, 53, 54, 56, 57, 58, 59, 62, 65, 68, 69, 75, 81, 86, 87, 89, 107, 108, 110, 155, 156, 158, 173, 174, 175, 177, 180, 185, 186, 188, 221, 222, 224, 257, 258, 260, 274, 275, 277, 287, 288, 290, 299, 300, 301, 303, 355, 380, 381, 383, 384, 385, 386, 388], "summary": {"covered_lines": 86, "num_statements": 205, "percent_covered": 41.951219512195124, "percent_covered_display": "42", "missing_lines": 119, "excluded_lines": 0}, "missing_lines": [24, 26, 27, 45, 46, 70, 72, 76, 91, 93, 95, 96, 98, 102, 111, 113, 114, 117, 118, 124, 125, 128, 131, 132, 135, 136, 137, 139, 142, 143, 148, 152, 161, 163, 164, 168, 178, 181, 190, 191, 196, 197, 198, 199, 205, 206, 207, 213, 214, 216, 225, 227, 229, 230, 236, 239, 242, 243, 245, 250, 251, 261, 262, 263, 265, 267, 268, 269, 270, 271, 278, 279, 281, 282, 283, 284, 291, 292, 293, 294, 295, 296, 305, 306, 308, 309, 315, 316, 317, 322, 324, 327, 330, 331, 334, 335, 338, 339, 340, 343, 344, 349, 350, 357, 359, 361, 364, 365, 366, 367, 368, 370, 374, 375, 389, 390, 391, 392, 397], "excluded_lines": []}, "analytics/__init__.py": {"executed_lines": [0], "summary": {"covered_lines": 0, "num_statements": 0, "percent_covered": 100.0, "percent_covered_display": "100", "missing_lines": 0, "excluded_lines": 0}, "missing_lines": [], "excluded_lines": []}, "analytics/admin.py": {"executed_lines": [1, 2, 3, 6, 7, 8, 12, 13, 14, 19, 20, 22, 24, 25, 27, 32, 34, 41, 43, 47, 49, 52, 55, 56, 57, 58, 59, 60, 61, 64, 65, 66, 67, 68, 69, 70, 73, 74, 75, 76, 77, 78], "summary": {"covered_lines": 42, "num_statements": 57, "percent_covered": 73.6842105263158, "percent_covered_display": "74", "missing_lines": 15, "excluded_lines": 0}, "missing_lines": [23, 28, 29, 30, 31, 35, 36, 37, 38, 40, 44, 45, 46, 50, 51], "excluded_lines": []}, "analytics/apps.py": {"executed_lines": [1, 4, 5, 6], "summary": {"covered_lines": 4, "num_statements": 4, "percent_covered": 100.0, "percent_covered_display": "100", "missing_lines": 0, "excluded_lines": 0}, "missing_lines": [], "excluded_lines": []}, "analytics/cache_service.py": {"executed_lines": [], "summary": {"covered_lines": 0, "num_statements": 136, "percent_covered": 0.0, "percent_covered_display": "0", "missing_lines": 136, "excluded_lines": 0}, "missing_lines": [1, 2, 3, 4, 5, 6, 9, 13, 14, 15, 16, 17, 18, 19, 22, 23, 24, 25, 27, 28, 30, 31, 33, 34, 36, 37, 38, 40, 41, 43, 44, 45, 46, 48, 49, 50, 52, 53, 55, 56, 60, 61, 62, 64, 65, 67, 71, 72, 74, 75, 77, 81, 82, 84, 85, 87, 90, 91, 92, 93, 95, 96, 98, 99, 100, 102, 103, 105, 106, 108, 109, 110, 112, 113, 115, 116, 119, 128, 129, 130, 132, 133, 135, 139, 140, 141, 144, 145, 146, 149, 152, 153, 155, 156, 157, 160, 168, 169, 170, 172, 177, 178, 180, 183, 184, 185, 188, 191, 193, 194, 195, 198, 201, 202, 203, 204, 206, 208, 209, 210, 212, 213, 215, 217, 219, 221, 222, 224, 226, 228, 230, 231, 232, 233, 235, 237], "excluded_lines": []}, "analytics/cached_views.py": {"executed_lines": [], "summary": {"covered_lines": 0, "num_statements": 85, "percent_covered": 0.0, "percent_covered_display": "0", "missing_lines": 85, "excluded_lines": 0}, "missing_lines": [5, 6, 7, 8, 9, 10, 11, 14, 18, 19, 20, 23, 24, 25, 28, 29, 30, 33, 36, 37, 39, 41, 43, 44, 46, 48, 49, 50, 52, 53, 54, 56, 59, 60, 63, 64, 65, 66, 68, 71, 74, 75, 77, 78, 81, 86, 87, 88, 91, 94, 96, 99, 102, 104, 106, 108, 109, 110, 113, 116, 117, 118, 121, 123, 127, 134, 135, 137, 139, 140, 142, 143, 144, 146, 148, 149, 151, 153, 154, 155, 157, 159, 160, 161, 165], "excluded_lines": []}, "analytics/filters.py": {"executed_lines": [], "summary": {"covered_lines": 0, "num_statements": 152, "percent_covered": 0.0, "percent_covered_display": "0", "missing_lines": 152, "excluded_lines": 0}, "missing_lines": [1, 2, 3, 4, 5, 7, 10, 16, 18, 19, 21, 22, 24, 25, 28, 29, 30, 31, 34, 35, 36, 39, 40, 41, 42, 43, 44, 47, 50, 51, 52, 53, 54, 59, 67, 68, 69, 71, 74, 79, 81, 84, 85, 86, 87, 88, 90, 91, 92, 94, 95, 101, 103, 106, 112, 115, 116, 117, 118, 121, 123, 128, 131, 137, 138, 139, 141, 143, 148, 150, 151, 152, 153, 155, 156, 157, 158, 159, 160, 161, 162, 163, 164, 165, 168, 170, 172, 173, 178, 181, 182, 183, 184, 185, 187, 188, 189, 194, 196, 202, 203, 204, 206, 208, 209, 211, 213, 215, 217, 225, 228, 229, 230, 231, 232, 233, 234, 236, 238, 239, 241, 243, 245, 247, 252, 253, 254, 257, 260, 261, 262, 264, 266, 267, 269, 271, 273, 275, 276, 277, 280, 283, 284, 285, 286, 287, 289, 291, 293, 299, 300, 301], "excluded_lines": []}, "analytics/management/__init__.py": {"executed_lines": [], "summary": {"covered_lines": 0, "num_statements": 0, "percent_covered": 100.0, "percent_covered_display": "100", "missing_lines": 0, "excluded_lines": 0}, "missing_lines": [], "excluded_lines": []}, "analytics/management/commands/__init__.py": {"executed_lines": [], "summary": {"covered_lines": 0, "num_statements": 0, "percent_covered": 100.0, "percent_covered_display": "100", "missing_lines": 0, "excluded_lines": 0}, "missing_lines": [], "excluded_lines": []}, "analytics/management/commands/optimize_database.py": {"executed_lines": [], "summary": {"covered_lines": 0, "num_statements": 25, "percent_covered": 0.0, "percent_covered_display": "0", "missing_lines": 25, "excluded_lines": 0}, "missing_lines": [1, 2, 3, 6, 7, 9, 10, 12, 54, 55, 56, 57, 58, 59, 60, 63, 65, 76, 77, 78, 79, 80, 81, 82, 84], "excluded_lines": []}, "analytics/middleware.py": {"executed_lines": [1, 2, 3, 4, 5, 8, 9, 11, 12, 14, 22, 24, 28, 32, 35, 38, 41, 43, 45, 47, 49, 50, 51, 56, 57, 67, 68, 71, 72, 75, 76, 78, 79, 82, 83, 85, 88, 89, 99, 115, 117, 118, 121, 122], "summary": {"covered_lines": 43, "num_statements": 54, "percent_covered": 79.62962962962963, "percent_covered_display": "80", "missing_lines": 11, "excluded_lines": 0}, "missing_lines": [25, 29, 52, 53, 91, 94, 109, 111, 112, 113, 119], "excluded_lines": []}, "analytics/migrations/0001_initial.py": {"executed_lines": [], "summary": {"covered_lines": 0, "num_statements": 8, "percent_covered": 0.0, "percent_covered_display": "0", "missing_lines": 8, "excluded_lines": 0}, "missing_lines": [3, 4, 5, 6, 9, 11, 13, 17], "excluded_lines": []}, "analytics/migrations/__init__.py": {"executed_lines": [], "summary": {"covered_lines": 0, "num_statements": 0, "percent_covered": 100.0, "percent_covered_display": "100", "missing_lines": 0, "excluded_lines": 0}, "missing_lines": [], "excluded_lines": []}, "analytics/mixins.py": {"executed_lines": [], "summary": {"covered_lines": 0, "num_statements": 155, "percent_covered": 0.0, "percent_covered_display": "0", "missing_lines": 155, "excluded_lines": 0}, "missing_lines": [1, 2, 3, 4, 5, 6, 7, 8, 11, 13, 14, 15, 18, 21, 23, 30, 31, 33, 36, 42, 44, 47, 48, 49, 52, 53, 55, 56, 58, 59, 62, 63, 66, 67, 69, 70, 72, 74, 76, 77, 80, 82, 84, 86, 87, 88, 89, 90, 91, 92, 94, 97, 100, 102, 103, 104, 105, 106, 108, 110, 111, 112, 113, 114, 115, 117, 119, 121, 122, 123, 124, 125, 126, 128, 129, 130, 133, 139, 141, 143, 144, 145, 148, 150, 151, 152, 154, 157, 160, 161, 163, 165, 166, 169, 172, 173, 174, 177, 180, 182, 184, 186, 187, 190, 191, 194, 195, 196, 199, 202, 204, 206, 209, 212, 230, 231, 233, 235, 236, 237, 239, 241, 242, 244, 246, 247, 249, 251, 252, 253, 256, 268, 269, 271, 273, 274, 275, 278, 281, 283, 284, 286, 287, 288, 290, 291, 294, 297, 300, 301, 303, 304, 305, 307, 308], "excluded_lines": []}, "analytics/models.py": {"executed_lines": [1, 2, 3, 5, 8, 9, 11, 12, 13, 14, 15, 16, 17, 18, 19, 20, 21, 22, 24, 25, 26, 27, 33, 36, 37, 40, 41, 46, 47, 49, 50, 51, 52, 53, 54, 55, 57, 58, 59, 65, 66, 68, 76, 77, 78, 79, 80, 81, 82, 84, 85, 86, 91, 95, 96, 98, 99, 100, 101, 103, 104, 105], "summary": {"covered_lines": 58, "num_statements": 62, "percent_covered": 93.54838709677419, "percent_covered_display": "94", "missing_lines": 4, "excluded_lines": 0}, "missing_lines": [34, 38, 43, 92], "excluded_lines": []}, "analytics/optimizations.py": {"executed_lines": [], "summary": {"covered_lines": 0, "num_statements": 58, "percent_covered": 0.0, "percent_covered_display": "0", "missing_lines": 58, "excluded_lines": 0}, "missing_lines": [6, 7, 8, 9, 10, 11, 12, 13, 14, 15, 16, 18, 21, 23, 24, 26, 28, 31, 33, 34, 35, 37, 39, 51, 53, 54, 55, 57, 59, 69, 71, 72, 73, 75, 77, 84, 86, 87, 89, 91, 101, 103, 104, 106, 108, 111, 115, 125, 132, 133, 135, 137, 139, 140, 142, 143, 145, 149], "excluded_lines": []}, "analytics/search.py": {"executed_lines": [1, 2, 5, 6, 7, 8, 9, 10, 11, 12, 14, 17, 18, 20, 21, 107, 108, 183, 184, 227, 228, 276, 277, 330, 331], "summary": {"covered_lines": 24, "num_statements": 137, "percent_covered": 17.51824817518248, "percent_covered_display": "18", "missing_lines": 113, "excluded_lines": 0}, "missing_lines": [33, 36, 47, 50, 56, 59, 61, 72, 75, 76, 77, 78, 79, 81, 82, 85, 88, 89, 90, 100, 105, 120, 123, 130, 133, 139, 140, 141, 143, 144, 146, 147, 149, 150, 152, 153, 155, 156, 159, 165, 166, 167, 176, 181, 186, 188, 189, 191, 197, 198, 199, 201, 202, 204, 205, 207, 208, 211, 214, 215, 216, 225, 230, 232, 238, 240, 246, 247, 248, 250, 251, 253, 254, 256, 257, 260, 263, 264, 265, 274, 279, 281, 289, 291, 297, 298, 299, 301, 302, 304, 305, 307, 308, 311, 314, 317, 318, 319, 328, 344, 345, 347, 349, 350, 352, 353, 355, 356, 358, 359, 361, 362, 364], "excluded_lines": []}, "analytics/search_views.py": {"executed_lines": [1, 2, 3, 4, 5, 6, 7, 8, 9, 10, 11, 12, 14, 17, 18, 19, 21, 58, 59, 60, 62, 107, 108, 109, 111, 165, 166, 167, 169, 183, 184, 185, 187, 206], "summary": {"covered_lines": 29, "num_statements": 104, "percent_covered": 27.884615384615383, "percent_covered_display": "28", "missing_lines": 75, "excluded_lines": 0}, "missing_lines": [22, 23, 24, 30, 31, 32, 33, 34, 37, 40, 41, 42, 43, 45, 48, 50, 63, 64, 65, 71, 72, 73, 74, 75, 76, 77, 78, 79, 80, 81, 82, 83, 86, 89, 90, 91, 92, 94, 97, 99, 112, 113, 114, 120, 121, 122, 124, 127, 132, 134, 135, 139, 140, 144, 145, 149, 150, 154, 155, 159, 170, 171, 173, 174, 177, 178, 179, 180, 188, 192, 193, 194, 204, 208, 212], "excluded_lines": []}, "analytics/serializers.py": {"executed_lines": [1, 2, 5, 6, 7, 8, 10, 11, 12, 18, 24, 30, 31, 32, 33, 35, 36, 37, 43, 44, 46, 47, 48, 54, 55, 56, 57, 59, 60, 61, 67, 68, 69, 70, 71, 72, 73, 74, 75, 78, 79, 80, 81, 82], "summary": {"covered_lines": 42, "num_statements": 45, "percent_covered": 93.33333333333333, "percent_covered_display": "93", "missing_lines": 3, "excluded_lines": 0}, "missing_lines": [25, 26, 27], "excluded_lines": []}, "analytics/tests.py": {"executed_lines": [], "summary": {"covered_lines": 0, "num_statements": 157, "percent_covered": 0.0, "percent_covered_display": "0", "missing_lines": 157, "excluded_lines": 0}, "missing_lines": [1, 2, 3, 4, 5, 6, 7, 8, 9, 11, 12, 13, 14, 15, 17, 20, 23, 24, 25, 31, 34, 37, 42, 43, 44, 46, 49, 52, 57, 58, 60, 63, 65, 69, 72, 75, 77, 84, 93, 99, 106, 109, 110, 111, 114, 115, 116, 118, 121, 122, 123, 125, 128, 129, 130, 133, 134, 135, 137, 139, 140, 141, 142, 144, 146, 148, 150, 151, 152, 153, 154, 157, 160, 161, 162, 167, 174, 182, 184, 186, 187, 188, 190, 193, 194, 200, 201, 203, 204, 205, 207, 209, 211, 215, 216, 217, 219, 222, 227, 233, 234, 236, 237, 239, 241, 243, 245, 246, 247, 248, 251, 254, 255, 257, 259, 260, 262, 264, 265, 268, 269, 272, 273, 275, 278, 279, 280, 283, 286, 288, 290, 292, 295, 296, 299, 302, 305, 306, 309, 312, 313, 320, 321, 326, 327, 333, 335, 336, 337, 339, 340, 343, 346, 347, 348, 349, 352], "excluded_lines": []}, "analytics/urls.py": {"executed_lines": [1, 2, 3, 8, 13, 14, 15, 16, 17, 19], "summary": {"covered_lines": 10, "num_statements": 10, "percent_covered": 100.0, "percent_covered_display": "100", "missing_lines": 0, "excluded_lines": 0}, "missing_lines": [], "excluded_lines": []}, "analytics/views.py": {"executed_lines": [1, 2, 3, 4, 5, 6, 7, 8, 9, 16, 17, 19, 25, 26, 27, 28, 29, 30, 31, 32, 33, 35, 36, 46, 47, 86, 87, 95, 96, 105, 106, 107, 108, 109, 110, 111, 112, 113, 115, 121, 122, 123, 124, 125, 126, 127, 128, 129, 131, 132, 153, 154, 181, 182, 183, 184, 186, 190, 191, 200, 201, 202, 204], "summary": {"covered_lines": 57, "num_statements": 130, "percent_covered": 43.84615384615385, "percent_covered_display": "44", "missing_lines": 73, "excluded_lines": 0}, "missing_lines": [20, 21, 22, 38, 39, 43, 44, 49, 50, 53, 54, 57, 58, 61, 64, 65, 70, 71, 73, 83, 84, 89, 90, 91, 92, 93, 98, 99, 100, 101, 102, 117, 118, 134, 135, 136, 139, 140, 143, 144, 147, 151, 156, 157, 158, 160, 161, 164, 168, 169, 172, 177, 178, 188, 193, 194, 207, 208, 209, 212, 225, 226, 229, 232, 235, 236, 237, 238, 241, 245, 248, 261, 267], "excluded_lines": []}, "generate_integration_test_report.py": {"executed_lines": [], "summary": {"covered_lines": 0, "num_statements": 118, "percent_covered": 0.0, "percent_covered_display": "0", "missing_lines": 118, "excluded_lines": 0}, "missing_lines": [2, 13, 14, 15, 16, 17, 18, 21, 23, 35, 36, 39, 41, 42, 43, 44, 45, 48, 50, 51, 52, 53, 54, 57, 61, 62, 63, 64, 65, 67, 70, 72, 277, 280, 282, 285, 286, 287, 288, 289, 290, 292, 293, 295, 296, 297, 298, 300, 310, 313, 315, 317, 319, 320, 322, 323, 324, 327, 328, 330, 331, 332, 333, 335, 336, 338, 347, 350, 353, 355, 357, 358, 359, 361, 362, 363, 364, 366, 368, 375, 378, 380, 383, 384, 385, 388, 389, 390, 391, 394, 395, 396, 399, 400, 401, 403, 404, 406, 409, 411, 414, 417, 420, 421, 423, 424, 425, 426, 427, 430, 433, 434, 435, 437, 438, 439, 442, 443], "excluded_lines": []}, "mainapp/__init__.py": {"executed_lines": [0], "summary": {"covered_lines": 0, "num_statements": 0, "percent_covered": 100.0, "percent_covered_display": "100", "missing_lines": 0, "excluded_lines": 0}, "missing_lines": [], "excluded_lines": []}, "mainapp/admin.py": {"executed_lines": [1, 2, 4, 5, 7, 8], "summary": {"covered_lines": 6, "num_statements": 6, "percent_covered": 100.0, "percent_covered_display": "100", "missing_lines": 0, "excluded_lines": 0}, "missing_lines": [], "excluded_lines": []}, "mainapp/api/pinned_threads.py": {"executed_lines": [1, 2, 3, 4, 5, 6, 7, 10, 11, 12, 44, 45, 46, 53, 54, 55, 68, 69, 70, 80, 81, 82], "summary": {"covered_lines": 22, "num_statements": 55, "percent_covered": 40.0, "percent_covered_display": "40", "missing_lines": 33, "excluded_lines": 0}, "missing_lines": [14, 15, 16, 18, 19, 22, 23, 25, 26, 27, 29, 30, 31, 32, 37, 38, 48, 49, 50, 57, 58, 59, 60, 61, 62, 72, 77, 84, 86, 87, 90, 98, 103], "excluded_lines": []}, "mainapp/apps.py": {"executed_lines": [1, 4, 5, 6, 8, 10], "summary": {"covered_lines": 6, "num_statements": 6, "percent_covered": 100.0, "percent_covered_display": "100", "missing_lines": 0, "excluded_lines": 0}, "missing_lines": [], "excluded_lines": []}, "mainapp/constants.py": {"executed_lines": [1, 13, 25], "summary": {"covered_lines": 3, "num_statements": 3, "percent_covered": 100.0, "percent_covered_display": "100", "missing_lines": 0, "excluded_lines": 0}, "missing_lines": [], "excluded_lines": []}, "mainapp/filters.py": {"executed_lines": [1, 2, 3, 6, 7, 10, 13, 16, 17, 20, 38, 39, 42, 43, 46, 47, 50, 51, 53, 54, 55, 57, 59], "summary": {"covered_lines": 22, "num_statements": 22, "percent_covered": 100.0, "percent_covered_display": "100", "missing_lines": 0, "excluded_lines": 0}, "missing_lines": [], "excluded_lines": []}, "mainapp/forms.py": {"executed_lines": [1, 2, 4, 5, 6, 7, 8, 9], "summary": {"covered_lines": 8, "num_statements": 8, "percent_covered": 100.0, "percent_covered_display": "100", "missing_lines": 0, "excluded_lines": 0}, "missing_lines": [], "excluded_lines": []}, "mainapp/management/__init__.py": {"executed_lines": [], "summary": {"covered_lines": 0, "num_statements": 0, "percent_covered": 100.0, "percent_covered_display": "100", "missing_lines": 0, "excluded_lines": 0}, "missing_lines": [], "excluded_lines": []}, "mainapp/management/commands/__init__.py": {"executed_lines": [], "summary": {"covered_lines": 0, "num_statements": 0, "percent_covered": 100.0, "percent_covered_display": "100", "missing_lines": 0, "excluded_lines": 0}, "missing_lines": [], "excluded_lines": []}, "mainapp/management/commands/add_mock_data.py": {"executed_lines": [], "summary": {"covered_lines": 0, "num_statements": 90, "percent_covered": 0.0, "percent_covered_display": "0", "missing_lines": 90, "excluded_lines": 0}, "missing_lines": [1, 2, 3, 4, 5, 6, 8, 10, 11, 13, 14, 17, 20, 22, 24, 26, 29, 37, 38, 48, 49, 50, 51, 52, 55, 61, 62, 72, 73, 74, 75, 76, 79, 89, 90, 91, 92, 93, 95, 97, 107, 349, 350, 351, 355, 367, 368, 369, 370, 373, 376, 378, 379, 383, 392, 432, 433, 434, 446, 447, 448, 449, 452, 455, 456, 457, 472, 473, 476, 478, 479, 482, 484, 485, 486, 487, 488, 489, 490, 491, 494, 495, 496, 497, 498, 499, 500, 501, 502, 504], "excluded_lines": []}, "mainapp/management/commands/populate_vote_counts.py": {"executed_lines": [], "summary": {"covered_lines": 0, "num_statements": 28, "percent_covered": 0.0, "percent_covered_display": "0", "missing_lines": 28, "excluded_lines": 0}, "missing_lines": [1, 2, 3, 6, 7, 9, 10, 17, 18, 20, 21, 24, 25, 26, 27, 28, 29, 31, 33, 36, 37, 39, 40, 41, 42, 43, 45, 47], "excluded_lines": []}, "mainapp/migrations/0001_initial.py": {"executed_lines": [], "summary": {"covered_lines": 0, "num_statements": 9, "percent_covered": 0.0, "percent_covered_display": "0", "missing_lines": 9, "excluded_lines": 0}, "missing_lines": [3, 4, 5, 6, 7, 10, 12, 14, 18], "excluded_lines": []}, "mainapp/migrations/__init__.py": {"executed_lines": [], "summary": {"covered_lines": 0, "num_statements": 0, "percent_covered": 100.0, "percent_covered_display": "100", "missing_lines": 0, "excluded_lines": 0}, "missing_lines": [], "excluded_lines": []}, "mainapp/models.py": {"executed_lines": [1, 2, 3, 4, 5, 6, 7, 8, 9, 12, 13, 22, 23, 24, 29, 30, 35, 36, 37, 47, 62, 65, 66, 71, 76, 77, 78, 79, 81, 82, 84, 85, 90, 91, 92, 93, 94, 99, 100, 105, 111, 112, 114, 115, 116, 118, 120, 124], "summary": {"covered_lines": 48, "num_statements": 52, "percent_covered": 92.3076923076923, "percent_covered_display": "92", "missing_lines": 4, "excluded_lines": 0}, "missing_lines": [48, 63, 117, 121], "excluded_lines": []}, "mainapp/permissions.py": {"executed_lines": [1, 3, 4, 13, 15, 20, 22, 24, 29, 30], "summary": {"covered_lines": 9, "num_statements": 12, "percent_covered": 75.0, "percent_covered_display": "75", "missing_lines": 3, "excluded_lines": 0}, "missing_lines": [16, 25, 33], "excluded_lines": []}, "mainapp/post.py": {"executed_lines": [1, 2, 3, 4, 5, 7, 8, 10, 11, 12, 13, 14, 16, 18, 21, 23, 25, 27, 34, 36, 38, 39, 41, 42, 43, 44, 45, 48, 49, 50, 51, 52, 53, 55, 56, 57, 58, 59, 60, 62, 66, 67, 69, 70, 71, 72, 75, 76, 77, 80, 82, 83, 84, 85, 94, 96, 97, 98, 99, 108, 110, 111, 112, 117, 119, 122, 123, 124, 127, 129, 130, 133, 134, 137, 138, 141, 142, 144, 146, 148, 150, 151, 152, 153, 155, 157, 158, 160, 162, 164, 165, 167, 168, 170, 173, 174, 179, 180, 181, 184, 185, 187, 189, 196, 197, 198, 199, 202, 204, 207, 208, 209, 211, 215, 216, 217, 218, 219, 220, 221, 222, 223, 224, 225, 226, 227, 228, 230, 231, 232, 233, 234, 235, 238, 240, 241, 243, 244, 246, 247, 249, 250, 251, 252, 255, 256, 257, 260, 262, 263, 264, 265, 274, 276, 277, 278, 279, 288, 290, 291, 292, 300, 312, 327, 336, 359, 375, 388, 407, 418, 425, 426, 427, 428, 429, 431, 435, 436, 439, 443, 444, 446, 452, 453, 454, 456, 458, 459, 464, 498, 499, 501, 506, 511, 512, 514, 515, 516, 518, 525, 530], "summary": {"covered_lines": 200, "num_statements": 319, "percent_covered": 62.69592476489028, "percent_covered_display": "63", "missing_lines": 119, "excluded_lines": 0}, "missing_lines": [29, 30, 31, 32, 37, 40, 64, 73, 78, 86, 87, 88, 90, 91, 92, 93, 100, 101, 102, 104, 105, 106, 107, 163, 166, 171, 203, 205, 212, 213, 237, 253, 258, 266, 267, 268, 270, 271, 272, 273, 280, 281, 282, 284, 285, 286, 287, 301, 308, 309, 310, 313, 314, 315, 324, 325, 328, 329, 330, 331, 332, 333, 334, 347, 348, 351, 352, 353, 355, 356, 357, 362, 372, 377, 389, 390, 392, 404, 405, 408, 409, 410, 411, 412, 413, 414, 415, 416, 419, 420, 421, 422, 423, 440, 448, 449, 461, 462, 468, 469, 472, 473, 476, 477, 479, 481, 482, 485, 486, 487, 489, 491, 492, 494, 495, 520, 527, 528, 531], "excluded_lines": []}, "mainapp/serializers.py": {"executed_lines": [1, 2, 3, 9, 10, 11, 12, 13, 18, 19, 20, 21, 23, 24, 25, 37, 41, 42, 43, 44, 46, 47, 48, 49, 53, 54, 55, 57, 58, 59, 60, 62, 66, 67, 69], "summary": {"covered_lines": 35, "num_statements": 41, "percent_covered": 85.36585365853658, "percent_covered_display": "85", "missing_lines": 6, "excluded_lines": 0}, "missing_lines": [38, 39, 63, 70, 71, 72], "excluded_lines": []}, "mainapp/signals.py": {"executed_lines": [1, 2, 3, 6, 7, 9, 10, 11, 15, 16, 33, 34, 36, 37, 38, 41, 42, 44, 45, 46], "summary": {"covered_lines": 20, "num_statements": 33, "percent_covered": 60.60606060606061, "percent_covered_display": "61", "missing_lines": 13, "excluded_lines": 0}, "missing_lines": [12, 18, 19, 20, 21, 23, 25, 26, 27, 28, 30, 47, 49], "excluded_lines": []}, "mainapp/tests.py": {"executed_lines": [], "summary": {"covered_lines": 0, "num_statements": 274, "percent_covered": 0.0, "percent_covered_display": "0", "missing_lines": 274, "excluded_lines": 0}, "missing_lines": [1, 2, 3, 4, 6, 7, 8, 9, 11, 12, 13, 14, 15, 17, 18, 19, 20, 21, 22, 23, 25, 26, 27, 28, 29, 31, 32, 34, 36, 38, 40, 41, 42, 43, 45, 46, 47, 48, 49, 51, 52, 53, 54, 55, 56, 57, 58, 60, 61, 62, 63, 64, 65, 67, 68, 69, 70, 72, 73, 74, 75, 77, 78, 79, 80, 83, 84, 85, 86, 87, 88, 90, 91, 92, 99, 100, 101, 103, 104, 105, 106, 107, 108, 110, 111, 112, 113, 114, 115, 118, 119, 120, 124, 125, 127, 128, 129, 130, 132, 133, 137, 138, 139, 141, 142, 143, 144, 146, 147, 150, 151, 154, 155, 158, 160, 161, 162, 163, 166, 167, 169, 175, 183, 184, 187, 188, 189, 190, 192, 193, 197, 204, 205, 206, 208, 209, 210, 211, 213, 214, 217, 218, 221, 222, 224, 225, 226, 227, 230, 233, 234, 235, 244, 246, 248, 256, 259, 260, 261, 262, 263, 264, 266, 268, 276, 277, 278, 279, 281, 283, 292, 293, 294, 295, 297, 299, 304, 307, 313, 314, 316, 318, 320, 327, 328, 330, 331, 332, 333, 334, 336, 338, 340, 348, 353, 359, 360, 362, 363, 364, 366, 368, 371, 379, 380, 383, 392, 393, 394, 396, 398, 400, 412, 414, 415, 416, 417, 418, 420, 422, 429, 431, 432, 433, 434, 435, 437, 439, 446, 448, 449, 450, 452, 454, 460, 462, 464, 467, 470, 471, 472, 481, 483, 485, 495, 497, 498, 501, 502, 503, 504, 506, 508, 518, 520, 523, 524, 530, 531, 533, 534, 535, 536, 537, 539, 541, 543, 552, 554, 556, 557, 558, 561, 562], "excluded_lines": []}, "mainapp/urls.py": {"executed_lines": [1, 2, 3, 10, 13, 16, 17, 18, 20, 22], "summary": {"covered_lines": 10, "num_statements": 10, "percent_covered": 100.0, "percent_covered_display": "100", "missing_lines": 0, "excluded_lines": 0}, "missing_lines": [], "excluded_lines": []}, "mainapp/views.py": {"executed_lines": [1, 2, 3, 4, 5, 6, 7, 8, 9, 10, 11, 12, 13, 14, 15, 16, 17, 18, 19, 20, 21, 22, 23, 25, 26, 27, 28, 29, 30, 31, 32, 35, 38, 39, 40, 41, 43, 46, 49, 55, 56, 57, 58, 60, 61, 62, 63, 64, 65, 66, 68, 69, 75, 76, 85, 86, 88, 90, 93, 95, 97, 102, 103, 104, 122, 123, 124, 125, 126, 128, 129, 130, 137, 138, 140, 141, 150, 151, 152, 166, 167, 180, 181, 190, 191, 215, 216, 220, 221, 226, 227, 228, 230, 231, 232, 235, 238, 239, 242, 243, 247, 249, 254, 255, 258, 261, 270, 271, 277, 282, 283, 284, 285, 287, 291, 292, 293, 294, 295, 296, 297, 299, 300, 301, 304, 308, 310, 311, 312, 319, 320, 324, 326, 327, 328, 329, 331, 332, 336, 337, 339, 341, 345, 348, 354, 355, 387, 388, 390, 393, 394, 398, 400, 401, 409, 410, 432, 433, 434, 488, 489, 490, 541], "summary": {"covered_lines": 163, "num_statements": 359, "percent_covered": 45.40389972144847, "percent_covered_display": "45", "missing_lines": 196, "excluded_lines": 0}, "missing_lines": [36, 44, 47, 50, 51, 52, 70, 71, 72, 73, 77, 78, 79, 81, 82, 83, 91, 98, 100, 105, 106, 107, 108, 109, 110, 111, 112, 113, 114, 115, 116, 117, 118, 119, 120, 131, 132, 142, 146, 147, 148, 153, 154, 156, 158, 159, 162, 164, 168, 169, 170, 171, 172, 173, 174, 175, 177, 178, 182, 183, 184, 192, 193, 199, 200, 201, 210, 211, 213, 217, 218, 222, 244, 250, 251, 263, 264, 265, 266, 267, 268, 273, 274, 275, 278, 279, 280, 288, 305, 313, 314, 315, 316, 317, 342, 346, 349, 356, 357, 358, 359, 360, 361, 364, 365, 366, 368, 369, 379, 380, 382, 383, 384, 391, 395, 407, 412, 413, 415, 416, 417, 420, 422, 423, 429, 435, 436, 437, 438, 440, 441, 442, 443, 444, 445, 447, 448, 450, 451, 452, 453, 454, 456, 457, 458, 459, 461, 462, 463, 464, 465, 466, 467, 468, 470, 472, 478, 480, 481, 483, 485, 486, 491, 492, 493, 494, 495, 496, 498, 499, 500, 501, 502, 503, 504, 505, 506, 507, 508, 509, 511, 517, 518, 519, 520, 522, 523, 533, 534, 536, 538, 539, 542, 543, 544, 545], "excluded_lines": []}, "manage.py": {"executed_lines": [], "summary": {"covered_lines": 0, "num_statements": 12, "percent_covered": 0.0, "percent_covered_display": "0", "missing_lines": 12, "excluded_lines": 0}, "missing_lines": [2, 3, 4, 7, 9, 10, 11, 12, 13, 18, 21, 22], "excluded_lines": []}, "map/__init__.py": {"executed_lines": [0], "summary": {"covered_lines": 0, "num_statements": 0, "percent_covered": 100.0, "percent_covered_display": "100", "missing_lines": 0, "excluded_lines": 0}, "missing_lines": [], "excluded_lines": []}, "map/admin.py": {"executed_lines": [1, 2, 4, 5, 6], "summary": {"covered_lines": 5, "num_statements": 5, "percent_covered": 100.0, "percent_covered_display": "100", "missing_lines": 0, "excluded_lines": 0}, "missing_lines": [], "excluded_lines": []}, "map/apps.py": {"executed_lines": [1, 4, 5, 6], "summary": {"covered_lines": 4, "num_statements": 4, "percent_covered": 100.0, "percent_covered_display": "100", "missing_lines": 0, "excluded_lines": 0}, "missing_lines": [], "excluded_lines": []}, "map/migrations/0001_initial.py": {"executed_lines": [], "summary": {"covered_lines": 0, "num_statements": 6, "percent_covered": 0.0, "percent_covered_display": "0", "missing_lines": 6, "excluded_lines": 0}, "missing_lines": [3, 4, 7, 9, 11, 14], "excluded_lines": []}, "map/migrations/__init__.py": {"executed_lines": [], "summary": {"covered_lines": 0, "num_statements": 0, "percent_covered": 100.0, "percent_covered_display": "100", "missing_lines": 0, "excluded_lines": 0}, "missing_lines": [], "excluded_lines": []}, "map/models.py": {"executed_lines": [1, 3, 4, 6, 9, 10, 11, 12, 13, 14, 16, 19, 20, 21, 22, 23, 25, 26, 28, 31, 32, 33, 34, 35, 37], "summary": {"covered_lines": 25, "num_statements": 29, "percent_covered": 86.20689655172414, "percent_covered_display": "86", "missing_lines": 4, "excluded_lines": 0}, "missing_lines": [7, 17, 29, 38], "excluded_lines": []}, "map/serializers.py": {"executed_lines": [1, 2, 4, 5, 6, 7, 9, 10, 12, 13, 14, 16, 17, 18, 19, 21, 22, 23, 25, 26, 27], "summary": {"covered_lines": 21, "num_statements": 21, "percent_covered": 100.0, "percent_covered_display": "100", "missing_lines": 0, "excluded_lines": 0}, "missing_lines": [], "excluded_lines": []}, "map/tests.py": {"executed_lines": [], "summary": {"covered_lines": 0, "num_statements": 57, "percent_covered": 0.0, "percent_covered_display": "0", "missing_lines": 57, "excluded_lines": 0}, "missing_lines": [1, 2, 3, 4, 7, 9, 10, 11, 12, 13, 15, 16, 18, 20, 22, 24, 26, 27, 29, 30, 32, 33, 34, 40, 41, 42, 44, 45, 46, 49, 50, 51, 52, 53, 55, 56, 57, 60, 61, 62, 64, 65, 66, 69, 70, 72, 73, 74, 76, 77, 78, 79, 80, 82, 83, 84, 86], "excluded_lines": []}, "map/urls.py": {"executed_lines": [1, 2, 4, 6], "summary": {"covered_lines": 4, "num_statements": 4, "percent_covered": 100.0, "percent_covered_display": "100", "missing_lines": 0, "excluded_lines": 0}, "missing_lines": [], "excluded_lines": []}, "map/views.py": {"executed_lines": [1, 2, 3, 4, 6, 7, 8, 9, 11, 12, 13, 14, 16, 17, 18, 19, 21, 22, 23, 33, 34, 35, 47, 48, 49, 51], "summary": {"covered_lines": 26, "num_statements": 37, "percent_covered": 70.27027027027027, "percent_covered_display": "70", "missing_lines": 11, "excluded_lines": 0}, "missing_lines": [24, 25, 26, 28, 36, 37, 38, 40, 52, 53, 54], "excluded_lines": []}, "news/__init__.py": {"executed_lines": [0], "summary": {"covered_lines": 0, "num_statements": 0, "percent_covered": 100.0, "percent_covered_display": "100", "missing_lines": 0, "excluded_lines": 0}, "missing_lines": [], "excluded_lines": []}, "news/admin.py": {"executed_lines": [1], "summary": {"covered_lines": 1, "num_statements": 1, "percent_covered": 100.0, "percent_covered_display": "100", "missing_lines": 0, "excluded_lines": 0}, "missing_lines": [], "excluded_lines": []}, "news/apps.py": {"executed_lines": [1, 4, 5, 6], "summary": {"covered_lines": 4, "num_statements": 4, "percent_covered": 100.0, "percent_covered_display": "100", "missing_lines": 0, "excluded_lines": 0}, "missing_lines": [], "excluded_lines": []}, "news/management/__init__.py": {"executed_lines": [], "summary": {"covered_lines": 0, "num_statements": 0, "percent_covered": 100.0, "percent_covered_display": "100", "missing_lines": 0, "excluded_lines": 0}, "missing_lines": [], "excluded_lines": []}, "news/management/commands/__init__.py": {"executed_lines": [], "summary": {"covered_lines": 0, "num_statements": 0, "percent_covered": 100.0, "percent_covered_display": "100", "missing_lines": 0, "excluded_lines": 0}, "missing_lines": [], "excluded_lines": []}, "news/management/commands/populate_news_categories.py": {"executed_lines": [], "summary": {"covered_lines": 0, "num_statements": 23, "percent_covered": 0.0, "percent_covered_display": "0", "missing_lines": 23, "excluded_lines": 0}, "missing_lines": [1, 2, 5, 6, 8, 9, 12, 19, 20, 28, 35, 43, 44, 45, 53, 54, 55, 63, 70, 76, 77, 85, 91], "excluded_lines": []}, "news/migrations/0001_initial.py": {"executed_lines": [], "summary": {"covered_lines": 0, "num_statements": 7, "percent_covered": 0.0, "percent_covered_display": "0", "missing_lines": 7, "excluded_lines": 0}, "missing_lines": [3, 4, 5, 8, 10, 12, 16], "excluded_lines": []}, "news/migrations/__init__.py": {"executed_lines": [], "summary": {"covered_lines": 0, "num_statements": 0, "percent_covered": 100.0, "percent_covered_display": "100", "missing_lines": 0, "excluded_lines": 0}, "missing_lines": [], "excluded_lines": []}, "news/models.py": {"executed_lines": [1, 2, 3, 4, 6, 9, 10, 11, 18, 19, 20, 21, 22, 24, 25, 26, 28, 33, 35, 36, 37, 38, 39, 40, 43, 44, 45, 46, 47, 48, 50, 51, 52, 55, 56, 58, 59, 60, 64, 67, 69, 70, 71, 72, 73], "summary": {"covered_lines": 43, "num_statements": 47, "percent_covered": 91.48936170212765, "percent_covered_display": "91", "missing_lines": 4, "excluded_lines": 0}, "missing_lines": [29, 30, 31, 65], "excluded_lines": []}, "news/serializers.py": {"executed_lines": [1, 2, 3, 5, 8, 9, 10, 12, 13, 14, 16, 17, 18, 20, 21, 24, 25, 26, 28, 29, 30, 32, 33, 36, 37, 38, 39, 45, 46, 48, 49, 50, 55, 57, 59, 60, 62, 63, 64, 66, 68], "summary": {"covered_lines": 40, "num_statements": 43, "percent_covered": 93.02325581395348, "percent_covered_display": "93", "missing_lines": 3, "excluded_lines": 0}, "missing_lines": [65, 69, 70], "excluded_lines": []}, "news/tests.py": {"executed_lines": [], "summary": {"covered_lines": 0, "num_statements": 1, "percent_covered": 0.0, "percent_covered_display": "0", "missing_lines": 1, "excluded_lines": 0}, "missing_lines": [1], "excluded_lines": []}, "news/urls.py": {"executed_lines": [1, 2, 4, 6], "summary": {"covered_lines": 4, "num_statements": 4, "percent_covered": 100.0, "percent_covered_display": "100", "missing_lines": 0, "excluded_lines": 0}, "missing_lines": [], "excluded_lines": []}, "news/views.py": {"executed_lines": [1, 2, 3, 4, 5, 6, 7, 10, 11, 12, 18, 19, 20, 21, 22, 24, 29, 30, 31, 32, 34, 35, 38, 39, 44, 45, 47, 54, 62, 63, 64, 68, 71, 72, 73, 74, 76, 90, 91, 92, 93, 94, 96, 97, 100], "summary": {"covered_lines": 40, "num_statements": 63, "percent_covered": 63.492063492063494, "percent_covered_display": "63", "missing_lines": 23, "excluded_lines": 0}, "missing_lines": [13, 14, 15, 26, 41, 48, 49, 50, 51, 52, 55, 56, 57, 58, 59, 78, 81, 82, 83, 84, 87, 101, 102], "excluded_lines": []}, "noticeboard/__init__.py": {"executed_lines": [0], "summary": {"covered_lines": 0, "num_statements": 0, "percent_covered": 100.0, "percent_covered_display": "100", "missing_lines": 0, "excluded_lines": 0}, "missing_lines": [], "excluded_lines": []}, "noticeboard/admin.py": {"executed_lines": [1, 2, 5, 6, 7, 8, 9, 10, 13, 14, 15, 16, 17, 18], "summary": {"covered_lines": 14, "num_statements": 14, "percent_covered": 100.0, "percent_covered_display": "100", "missing_lines": 0, "excluded_lines": 0}, "missing_lines": [], "excluded_lines": []}, "noticeboard/apps.py": {"executed_lines": [1, 4, 5, 6], "summary": {"covered_lines": 4, "num_statements": 4, "percent_covered": 100.0, "percent_covered_display": "100", "missing_lines": 0, "excluded_lines": 0}, "missing_lines": [], "excluded_lines": []}, "noticeboard/migrations/0001_initial.py": {"executed_lines": [], "summary": {"covered_lines": 0, "num_statements": 8, "percent_covered": 0.0, "percent_covered_display": "0", "missing_lines": 8, "excluded_lines": 0}, "missing_lines": [3, 4, 5, 6, 9, 11, 13, 17], "excluded_lines": []}, "noticeboard/migrations/__init__.py": {"executed_lines": [], "summary": {"covered_lines": 0, "num_statements": 0, "percent_covered": 100.0, "percent_covered_display": "100", "missing_lines": 0, "excluded_lines": 0}, "missing_lines": [], "excluded_lines": []}, "noticeboard/models.py": {"executed_lines": [1, 2, 3, 5, 8, 9, 19, 20, 21, 22, 23, 24, 25, 26, 27, 28, 29, 31, 32, 34, 37, 38, 39, 40, 42, 43, 44, 45, 48, 49, 50, 51, 52, 53, 54, 56, 57, 59, 62, 64, 67, 68], "summary": {"covered_lines": 42, "num_statements": 44, "percent_covered": 95.45454545454545, "percent_covered_display": "95", "missing_lines": 2, "excluded_lines": 0}, "missing_lines": [35, 60], "excluded_lines": []}, "noticeboard/permissions.py": {"executed_lines": [1, 4, 5, 8, 17, 18, 24, 26, 28], "summary": {"covered_lines": 7, "num_statements": 17, "percent_covered": 41.1764705882353, "percent_covered_display": "41", "missing_lines": 10, "excluded_lines": 0}, "missing_lines": [10, 11, 14, 30, 32, 33, 36, 37, 40, 43], "excluded_lines": []}, "noticeboard/serializers.py": {"executed_lines": [1, 2, 3, 4, 5, 7, 10, 11, 12, 13, 16, 17, 18, 19, 21, 22, 23, 28, 30, 31, 32, 34, 36, 37, 38, 42, 43, 46, 47, 50, 52, 53, 54, 56, 63, 64, 65, 66, 67, 69, 70, 71, 77, 79, 80, 81, 85, 86, 89, 93, 94, 96, 97, 98, 100, 102, 103, 104, 106, 112, 113, 115, 116, 118], "summary": {"covered_lines": 64, "num_statements": 81, "percent_covered": 79.01234567901234, "percent_covered_display": "79", "missing_lines": 17, "excluded_lines": 0}, "missing_lines": [33, 39, 58, 59, 60, 82, 99, 107, 108, 109, 119, 120, 122, 123, 125, 128, 132], "excluded_lines": []}, "noticeboard/tests.py": {"executed_lines": [], "summary": {"covered_lines": 0, "num_statements": 1, "percent_covered": 0.0, "percent_covered_display": "0", "missing_lines": 1, "excluded_lines": 0}, "missing_lines": [1], "excluded_lines": []}, "noticeboard/urls.py": {"executed_lines": [1, 2, 3, 5, 6, 7, 9, 11], "summary": {"covered_lines": 8, "num_statements": 8, "percent_covered": 100.0, "percent_covered_display": "100", "missing_lines": 0, "excluded_lines": 0}, "missing_lines": [], "excluded_lines": []}, "noticeboard/views.py": {"executed_lines": [1, 2, 3, 4, 5, 6, 7, 8, 13, 16, 17, 22, 23, 24, 25, 26, 27, 28, 29, 31, 35, 37, 38, 40, 43, 44, 46, 47, 50, 52, 54, 55, 65, 66, 68, 70, 73, 75, 76, 78, 80, 82, 117, 119, 155, 156, 161, 162, 164, 166, 172, 178, 179, 181, 183], "summary": {"covered_lines": 53, "num_statements": 93, "percent_covered": 56.98924731182796, "percent_covered_display": "57", "missing_lines": 40, "excluded_lines": 0}, "missing_lines": [58, 69, 71, 77, 87, 89, 91, 93, 96, 100, 105, 107, 108, 112, 113, 114, 115, 123, 124, 126, 127, 128, 129, 133, 134, 140, 142, 145, 147, 148, 149, 151, 152, 188, 190, 191, 196, 197, 199, 200], "excluded_lines": []}, "pytest_django_settings.py": {"executed_lines": [], "summary": {"covered_lines": 0, "num_statements": 20, "percent_covered": 0.0, "percent_covered_display": "0", "missing_lines": 20, "excluded_lines": 0}, "missing_lines": [4, 5, 6, 9, 12, 15, 18, 21, 31, 32, 33, 35, 36, 38, 41, 42, 45, 52, 57, 58], "excluded_lines": []}, "sumy/__init__.py": {"executed_lines": [0], "summary": {"covered_lines": 0, "num_statements": 0, "percent_covered": 100.0, "percent_covered_display": "100", "missing_lines": 0, "excluded_lines": 0}, "missing_lines": [], "excluded_lines": []}, "sumy/asgi.py": {"executed_lines": [], "summary": {"covered_lines": 0, "num_statements": 4, "percent_covered": 0.0, "percent_covered_display": "0", "missing_lines": 4, "excluded_lines": 0}, "missing_lines": [10, 12, 14, 16], "excluded_lines": []}, "sumy/settings.py": {"executed_lines": [1, 13, 14, 17, 19, 20, 21, 33, 36, 38, 43, 64, 66, 84, 85, 88, 89, 91, 93, 108, 125, 139, 155, 174, 176, 178, 180, 186, 187, 190, 191, 196, 201, 204, 225, 226, 257, 258, 259, 260, 262, 263, 264, 266, 273, 280, 293], "summary": {"covered_lines": 46, "num_statements": 49, "percent_covered": 93.87755102040816, "percent_covered_display": "94", "missing_lines": 3, "excluded_lines": 0}, "missing_lines": [22, 23, 24], "excluded_lines": []}, "sumy/urls.py": {"executed_lines": [1, 2, 3, 4, 6, 24], "summary": {"covered_lines": 6, "num_statements": 7, "percent_covered": 85.71428571428571, "percent_covered_display": "86", "missing_lines": 1, "excluded_lines": 0}, "missing_lines": [25], "excluded_lines": []}, "sumy/wsgi.py": {"executed_lines": [], "summary": {"covered_lines": 0, "num_statements": 4, "percent_covered": 0.0, "percent_covered_display": "0", "missing_lines": 4, "excluded_lines": 0}, "missing_lines": [10, 12, 14, 16], "excluded_lines": []}, "tests/__init__.py": {"executed_lines": [0], "summary": {"covered_lines": 0, "num_statements": 0, "percent_covered": 100.0, "percent_covered_display": "100", "missing_lines": 0, "excluded_lines": 0}, "missing_lines": [], "excluded_lines": []}, "tests/__pycache__/__init__.py": {"executed_lines": [], "summary": {"covered_lines": 0, "num_statements": 0, "percent_covered": 100.0, "percent_covered_display": "100", "missing_lines": 0, "excluded_lines": 0}, "missing_lines": [], "excluded_lines": []}, "tests/accounts/__init__.py": {"executed_lines": [], "summary": {"covered_lines": 0, "num_statements": 0, "percent_covered": 100.0, "percent_covered_display": "100", "missing_lines": 0, "excluded_lines": 0}, "missing_lines": [], "excluded_lines": []}, "tests/accounts/fixtures/__init__.py": {"executed_lines": [], "summary": {"covered_lines": 0, "num_statements": 0, "percent_covered": 100.0, "percent_covered_display": "100", "missing_lines": 0, "excluded_lines": 0}, "missing_lines": [], "excluded_lines": []}, "tests/accounts/integration/__init__.py": {"executed_lines": [], "summary": {"covered_lines": 0, "num_statements": 0, "percent_covered": 100.0, "percent_covered_display": "100", "missing_lines": 0, "excluded_lines": 0}, "missing_lines": [], "excluded_lines": []}, "tests/accounts/unit/__init__.py": {"executed_lines": [], "summary": {"covered_lines": 0, "num_statements": 0, "percent_covered": 100.0, "percent_covered_display": "100", "missing_lines": 0, "excluded_lines": 0}, "missing_lines": [], "excluded_lines": []}, "tests/accounts/unit/test_models.py": {"executed_lines": [], "summary": {"covered_lines": 0, "num_statements": 77, "percent_covered": 0.0, "percent_covered_display": "0", "missing_lines": 77, "excluded_lines": 0}, "missing_lines": [1, 2, 3, 4, 5, 6, 8, 11, 14, 15, 25, 32, 33, 34, 35, 36, 37, 39, 40, 48, 56, 57, 58, 60, 61, 69, 74, 75, 80, 81, 89, 90, 92, 93, 95, 96, 97, 99, 100, 107, 108, 110, 111, 119, 124, 125, 126, 129, 130, 139, 140, 142, 143, 145, 149, 151, 152, 160, 161, 164, 165, 167, 168, 169, 172, 173, 176, 178, 179, 181, 183, 187, 189, 191, 192, 198, 199], "excluded_lines": []}, "tests/accounts/unit/test_views.py": {"executed_lines": [], "summary": {"covered_lines": 0, "num_statements": 154, "percent_covered": 0.0, "percent_covered_display": "0", "missing_lines": 154, "excluded_lines": 0}, "missing_lines": [1, 2, 3, 4, 5, 6, 7, 8, 9, 11, 14, 17, 18, 19, 20, 21, 22, 24, 25, 35, 37, 45, 47, 48, 52, 53, 54, 55, 58, 60, 61, 70, 72, 80, 82, 83, 85, 86, 95, 97, 105, 107, 108, 110, 111, 120, 123, 125, 133, 135, 136, 138, 139, 148, 149, 150, 152, 157, 159, 160, 161, 162, 163, 165, 166, 174, 175, 176, 178, 183, 185, 186, 188, 189, 197, 198, 199, 201, 206, 208, 210, 211, 219, 220, 222, 224, 226, 227, 230, 231, 232, 233, 235, 236, 245, 246, 247, 250, 254, 255, 258, 259, 260, 262, 264, 266, 269, 274, 277, 280, 281, 282, 283, 284, 286, 287, 297, 298, 300, 302, 303, 304, 307, 308, 309, 310, 311, 312, 314, 315, 322, 324, 326, 328, 329, 337, 339, 340, 341, 342, 343, 345, 346, 356, 357, 358, 361, 363, 364, 367, 368, 370, 376, 377], "excluded_lines": []}, "tests/base.py": {"executed_lines": [1, 2, 3, 4, 5, 6, 8, 11, 12, 14, 15, 19, 20, 25, 36, 48, 53, 59, 60, 62, 64, 71, 73, 75, 76, 78, 79, 80, 81, 82, 84, 88, 104, 120, 121, 123, 133, 134, 136, 146, 161, 162, 164, 169], "summary": {"covered_lines": 39, "num_statements": 96, "percent_covered": 40.625, "percent_covered_display": "41", "missing_lines": 57, "excluded_lines": 0}, "missing_lines": [16, 17, 21, 22, 23, 27, 34, 38, 39, 40, 41, 43, 50, 51, 55, 56, 86, 90, 91, 94, 95, 96, 97, 99, 100, 102, 106, 107, 109, 110, 111, 112, 113, 115, 117, 125, 138, 139, 140, 142, 143, 144, 148, 150, 151, 152, 154, 158, 166, 167, 171, 173, 174, 175, 176, 177, 179], "excluded_lines": []}, "tests/conftest.py": {"executed_lines": [1, 2, 3, 4, 5, 8, 10, 11, 13, 14, 15, 16, 17, 18, 19, 21, 24, 25, 27, 28, 30, 32, 33, 34, 35, 36, 37, 38, 39, 40, 42, 43, 44, 48, 49, 51, 62, 63, 65, 68, 69, 71, 72, 73, 76, 77, 79, 88, 89, 101, 102, 112, 113, 120, 121, 128, 129, 138, 139, 149, 150, 152, 154, 155, 156, 158, 159, 161, 162, 163, 164, 166, 167, 169, 170, 171, 172, 174, 178, 180, 183, 186, 189, 195, 252, 253, 255, 256, 266, 267], "summary": {"covered_lines": 88, "num_statements": 133, "percent_covered": 66.16541353383458, "percent_covered_display": "66", "missing_lines": 45, "excluded_lines": 0}, "missing_lines": [91, 104, 115, 116, 117, 123, 124, 125, 131, 132, 133, 134, 135, 141, 142, 143, 144, 145, 146, 197, 198, 199, 202, 203, 204, 211, 214, 215, 216, 217, 223, 226, 227, 228, 235, 236, 245, 258, 261, 262, 263, 264, 269, 270, 271], "excluded_lines": []}, "tests/factories.py": {"executed_lines": [1, 2, 5, 6, 8, 9, 10, 11, 12, 13, 14, 16, 17, 18, 19, 21, 24, 25, 26, 27, 28, 29, 31, 32, 34, 36, 38, 39, 40, 42, 43, 44, 45, 46, 47, 50, 51, 52, 54, 55, 56, 58, 63, 64, 65, 66, 67, 69, 70, 71, 74, 75, 76, 77, 78, 80, 81, 82, 83, 84, 86, 87, 88, 89, 90, 91, 92, 94, 95, 96, 98, 103, 104, 105, 106, 108, 109, 110, 111, 113, 114, 115, 116, 117, 120, 121, 122, 123, 125, 126, 127, 129, 130, 131, 133, 134, 135, 137, 138, 139, 140, 144, 145, 146, 147, 148, 150, 151, 152, 153, 156, 157, 158, 159, 161, 162, 163, 164, 165, 166, 168, 169, 170, 172, 173, 174, 175, 177, 180, 181, 182, 183, 185, 186, 187, 188, 189, 190, 193, 194, 195, 196, 197, 199, 200, 201, 202, 204, 205, 206, 209, 210, 211, 212, 213, 215, 216, 217, 218, 219, 221, 222, 223, 225, 227, 228, 229, 231, 233, 234, 235, 237, 242, 243, 244, 247, 248, 249, 250, 251, 253, 256, 257, 258, 259, 260, 261, 263, 264, 265, 266, 268, 269, 270, 272, 277, 280, 281, 282, 283, 284, 286, 287, 288, 289, 292, 293, 294, 295, 297, 298, 299, 300, 304, 305, 307, 308, 317, 318, 320, 321, 330, 331, 333, 334], "summary": {"covered_lines": 208, "num_statements": 236, "percent_covered": 88.13559322033899, "percent_covered_display": "88", "missing_lines": 28, "excluded_lines": 0}, "missing_lines": [57, 59, 60, 97, 99, 100, 224, 230, 236, 238, 239, 271, 273, 274, 310, 311, 312, 313, 314, 322, 323, 326, 327, 335, 336, 339, 340, 341], "excluded_lines": []}, "tests/integration/__init__.py": {"executed_lines": [2], "summary": {"covered_lines": 1, "num_statements": 1, "percent_covered": 100.0, "percent_covered_display": "100", "missing_lines": 0, "excluded_lines": 0}, "missing_lines": [], "excluded_lines": []}, "tests/integration/test_cross_module_interactions.py": {"executed_lines": [1, 18, 19, 20, 21, 22, 23, 25, 26, 32, 33, 34, 35, 37, 40, 41, 43, 44, 57, 58, 66, 67, 70, 71, 72, 75, 76, 80, 81, 84, 87, 88, 95, 96, 99, 100, 103, 104, 113, 114, 115, 118, 120, 128, 129, 130, 138, 139, 142, 148, 149, 151, 152, 163, 171, 175, 176, 179, 180, 181, 186, 187, 189, 193, 196, 197, 201, 204, 205, 206, 208, 209, 220, 221, 222, 225, 226, 229, 230, 233, 234, 237, 238, 239, 242, 243, 245, 249, 250, 251, 254, 255, 257, 258, 269, 270, 273, 278, 289, 290, 297, 298, 301, 302, 305, 306, 309, 315, 319, 322, 323, 325, 326, 338, 346, 350, 351, 354, 355, 357, 361, 413, 414, 416, 417, 429, 435, 436, 443, 451, 452, 454, 455, 456, 458, 461, 462, 467, 471, 474, 489, 494, 495, 498, 499, 501, 502, 513, 520, 521, 523, 524, 527, 528, 529, 532, 535, 536, 539, 548, 552, 555, 556, 560, 561, 563, 564, 574, 577, 583, 584, 586, 587, 592, 594, 596, 603, 607, 608, 611, 615, 616, 619, 623, 624, 627, 628, 630, 631, 641, 644, 647, 655, 665, 668, 671, 672, 675, 680, 681, 685, 686, 687, 689, 698, 701, 704, 705, 706, 707, 708, 711, 712, 713, 714, 715, 718, 720, 723, 726, 727, 730, 731, 733, 736, 737, 739], "summary": {"covered_lines": 217, "num_statements": 243, "percent_covered": 89.30041152263375, "percent_covered_display": "89", "missing_lines": 26, "excluded_lines": 0}, "missing_lines": [97, 98, 143, 144, 145, 182, 183, 364, 370, 374, 377, 383, 387, 390, 391, 394, 395, 399, 401, 404, 405, 408, 409, 410, 557, 682], "excluded_lines": []}, "tests/integration/test_data_consistency.py": {"executed_lines": [1, 8, 9, 10, 11, 12, 13, 14, 15, 17, 18, 22, 23, 24, 27, 28, 30, 31, 43, 46, 47, 50, 51, 52, 55, 56, 57, 58, 79, 80, 91, 92, 93, 96, 97, 99, 100, 101, 124, 125, 134, 135, 138, 139, 140, 144, 147, 148, 149, 152, 153, 154, 158, 161, 162, 163, 165, 166, 176, 179, 184, 190, 191, 194, 195, 198, 199, 202, 206, 208, 221, 222, 232, 233, 235, 242, 246, 249, 256, 262, 265, 272, 276, 278, 279, 290, 291, 294, 295, 296, 298, 299, 300, 303, 304, 307, 309, 310, 313, 314, 315, 317, 318, 321, 328, 331, 332, 334, 335, 345, 366, 368, 369, 376, 380, 381, 383, 384, 393, 399, 400, 401, 407, 408, 409, 418, 419, 420, 426, 427, 428, 429, 430], "summary": {"covered_lines": 130, "num_statements": 157, "percent_covered": 82.80254777070064, "percent_covered_display": "83", "missing_lines": 27, "excluded_lines": 0}, "missing_lines": [61, 62, 65, 68, 69, 73, 74, 75, 76, 77, 104, 105, 108, 109, 112, 113, 114, 117, 120, 121, 122, 209, 210, 213, 217, 218, 219], "excluded_lines": []}, "tests/integration/test_notification_flow.py": {"executed_lines": [1, 8, 9, 10, 11, 12, 14, 15, 19, 20, 23, 24, 26, 27, 38, 41, 42, 44, 50, 54, 60, 61, 63, 70, 74, 78, 79, 81, 82, 92, 95, 96, 98, 104, 108, 111, 117, 121, 124, 125, 128, 129, 133, 134, 136, 137, 147, 148, 151, 154, 155, 161, 165, 169, 175, 179, 182, 183, 193, 201, 205, 208, 216, 220, 223, 224, 225, 228, 229, 231, 232, 242, 249, 251, 258, 266, 270, 276, 277, 279, 280, 290, 291, 294, 300, 306, 308, 312, 317, 318, 321], "summary": {"covered_lines": 88, "num_statements": 88, "percent_covered": 100.0, "percent_covered_display": "100", "missing_lines": 0, "excluded_lines": 0}, "missing_lines": [], "excluded_lines": []}, "tests/mainapp/__init__.py": {"executed_lines": [], "summary": {"covered_lines": 0, "num_statements": 0, "percent_covered": 100.0, "percent_covered_display": "100", "missing_lines": 0, "excluded_lines": 0}, "missing_lines": [], "excluded_lines": []}, "tests/mainapp/fixtures/__init__.py": {"executed_lines": [], "summary": {"covered_lines": 0, "num_statements": 0, "percent_covered": 100.0, "percent_covered_display": "100", "missing_lines": 0, "excluded_lines": 0}, "missing_lines": [], "excluded_lines": []}, "tests/mainapp/integration/__init__.py": {"executed_lines": [], "summary": {"covered_lines": 0, "num_statements": 0, "percent_covered": 100.0, "percent_covered_display": "100", "missing_lines": 0, "excluded_lines": 0}, "missing_lines": [], "excluded_lines": []}, "tests/mainapp/integration/test_forum_flow.py": {"executed_lines": [], "summary": {"covered_lines": 0, "num_statements": 194, "percent_covered": 0.0, "percent_covered_display": "0", "missing_lines": 194, "excluded_lines": 0}, "missing_lines": [1, 2, 3, 4, 5, 6, 7, 8, 11, 14, 15, 27, 34, 35, 37, 38, 41, 42, 47, 48, 54, 55, 58, 59, 61, 68, 69, 72, 73, 76, 77, 78, 80, 81, 84, 85, 88, 89, 94, 95, 98, 99, 100, 103, 104, 107, 108, 109, 111, 112, 122, 130, 131, 133, 135, 136, 137, 138, 139, 141, 144, 151, 152, 154, 156, 157, 160, 161, 162, 164, 165, 166, 168, 170, 171, 182, 183, 185, 187, 188, 194, 197, 200, 201, 202, 203, 205, 206, 208, 211, 212, 214, 215, 216, 220, 221, 223, 228, 230, 233, 235, 236, 237, 240, 242, 243, 246, 247, 248, 251, 253, 255, 256, 257, 258, 264, 267, 270, 272, 273, 276, 278, 283, 284, 295, 296, 299, 300, 302, 303, 306, 307, 309, 310, 313, 319, 322, 327, 328, 330, 331, 334, 335, 341, 344, 345, 351, 354, 355, 358, 360, 361, 362, 372, 373, 375, 380, 386, 387, 390, 391, 393, 394, 397, 398, 401, 403, 404, 407, 408, 411, 412, 415, 418, 419, 420, 421, 422, 425, 426, 427, 429, 430, 432, 434, 437, 438, 441, 442, 446, 448, 449, 450, 452], "excluded_lines": []}, "tests/mainapp/unit/__init__.py": {"executed_lines": [], "summary": {"covered_lines": 0, "num_statements": 0, "percent_covered": 100.0, "percent_covered_display": "100", "missing_lines": 0, "excluded_lines": 0}, "missing_lines": [], "excluded_lines": []}, "tests/mainapp/unit/test_models.py": {"executed_lines": [], "summary": {"covered_lines": 0, "num_statements": 153, "percent_covered": 0.0, "percent_covered_display": "0", "missing_lines": 153, "excluded_lines": 0}, "missing_lines": [1, 2, 3, 4, 5, 6, 7, 10, 13, 14, 23, 30, 31, 32, 33, 34, 35, 36, 37, 38, 40, 41, 50, 56, 57, 58, 61, 62, 69, 70, 72, 73, 83, 85, 86, 87, 89, 90, 98, 101, 102, 103, 104, 107, 108, 109, 110, 112, 113, 121, 124, 125, 126, 129, 130, 131, 133, 134, 142, 143, 147, 148, 149, 151, 152, 155, 158, 159, 168, 169, 175, 176, 177, 178, 179, 181, 182, 190, 195, 196, 199, 200, 207, 209, 211, 212, 219, 220, 221, 222, 224, 225, 228, 231, 232, 241, 242, 244, 252, 253, 256, 257, 266, 273, 274, 276, 277, 287, 290, 293, 297, 299, 300, 309, 310, 314, 317, 320, 322, 323, 330, 334, 335, 337, 340, 343, 344, 353, 355, 361, 362, 363, 365, 366, 374, 376, 383, 384, 390, 391, 399, 402, 409, 410, 412, 414, 415, 422, 423, 429, 431, 432, 433], "excluded_lines": []}, "tests/map/__init__.py": {"executed_lines": [], "summary": {"covered_lines": 0, "num_statements": 0, "percent_covered": 100.0, "percent_covered_display": "100", "missing_lines": 0, "excluded_lines": 0}, "missing_lines": [], "excluded_lines": []}, "tests/map/fixtures/__init__.py": {"executed_lines": [], "summary": {"covered_lines": 0, "num_statements": 0, "percent_covered": 100.0, "percent_covered_display": "100", "missing_lines": 0, "excluded_lines": 0}, "missing_lines": [], "excluded_lines": []}, "tests/map/integration/__init__.py": {"executed_lines": [], "summary": {"covered_lines": 0, "num_statements": 0, "percent_covered": 100.0, "percent_covered_display": "100", "missing_lines": 0, "excluded_lines": 0}, "missing_lines": [], "excluded_lines": []}, "tests/map/unit/__init__.py": {"executed_lines": [], "summary": {"covered_lines": 0, "num_statements": 0, "percent_covered": 100.0, "percent_covered_display": "100", "missing_lines": 0, "excluded_lines": 0}, "missing_lines": [], "excluded_lines": []}, "tests/news/__init__.py": {"executed_lines": [], "summary": {"covered_lines": 0, "num_statements": 0, "percent_covered": 100.0, "percent_covered_display": "100", "missing_lines": 0, "excluded_lines": 0}, "missing_lines": [], "excluded_lines": []}, "tests/news/fixtures/__init__.py": {"executed_lines": [], "summary": {"covered_lines": 0, "num_statements": 0, "percent_covered": 100.0, "percent_covered_display": "100", "missing_lines": 0, "excluded_lines": 0}, "missing_lines": [], "excluded_lines": []}, "tests/news/integration/__init__.py": {"executed_lines": [], "summary": {"covered_lines": 0, "num_statements": 0, "percent_covered": 100.0, "percent_covered_display": "100", "missing_lines": 0, "excluded_lines": 0}, "missing_lines": [], "excluded_lines": []}, "tests/news/unit/__init__.py": {"executed_lines": [], "summary": {"covered_lines": 0, "num_statements": 0, "percent_covered": 100.0, "percent_covered_display": "100", "missing_lines": 0, "excluded_lines": 0}, "missing_lines": [], "excluded_lines": []}, "tests/noticeboard/__init__.py": {"executed_lines": [], "summary": {"covered_lines": 0, "num_statements": 0, "percent_covered": 100.0, "percent_covered_display": "100", "missing_lines": 0, "excluded_lines": 0}, "missing_lines": [], "excluded_lines": []}, "tests/noticeboard/fixtures/__init__.py": {"executed_lines": [], "summary": {"covered_lines": 0, "num_statements": 0, "percent_covered": 100.0, "percent_covered_display": "100", "missing_lines": 0, "excluded_lines": 0}, "missing_lines": [], "excluded_lines": []}, "tests/noticeboard/integration/__init__.py": {"executed_lines": [], "summary": {"covered_lines": 0, "num_statements": 0, "percent_covered": 100.0, "percent_covered_display": "100", "missing_lines": 0, "excluded_lines": 0}, "missing_lines": [], "excluded_lines": []}, "tests/noticeboard/unit/__init__.py": {"executed_lines": [], "summary": {"covered_lines": 0, "num_statements": 0, "percent_covered": 100.0, "percent_covered_display": "100", "missing_lines": 0, "excluded_lines": 0}, "missing_lines": [], "excluded_lines": []}, "tests/noticeboard/unit/test_advertisement_models.py": {"executed_lines": [], "summary": {"covered_lines": 0, "num_statements": 128, "percent_covered": 0.0, "percent_covered_display": "0", "missing_lines": 128, "excluded_lines": 0}, "missing_lines": [1, 2, 3, 4, 5, 6, 7, 10, 13, 14, 23, 33, 34, 35, 36, 37, 38, 39, 40, 42, 43, 53, 56, 57, 60, 63, 66, 67, 69, 70, 78, 80, 81, 82, 84, 85, 92, 93, 95, 96, 104, 105, 109, 112, 113, 114, 116, 117, 126, 127, 130, 131, 133, 134, 141, 142, 145, 146, 149, 155, 156, 159, 162, 163, 172, 173, 180, 181, 182, 183, 184, 185, 187, 188, 196, 199, 200, 203, 204, 206, 207, 214, 215, 220, 221, 222, 224, 225, 232, 234, 235, 236, 238, 239, 241, 242, 250, 251, 254, 255, 256, 258, 261, 262, 265, 268, 269, 271, 273, 274, 276, 278, 279, 280, 282, 284, 285, 286, 288, 290, 293, 298, 303, 309, 314, 315, 316, 317], "excluded_lines": []}, "tests/test_minimal.py": {"executed_lines": [], "summary": {"covered_lines": 0, "num_statements": 25, "percent_covered": 0.0, "percent_covered_display": "0", "missing_lines": 25, "excluded_lines": 0}, "missing_lines": [4, 5, 7, 10, 11, 13, 19, 20, 21, 22, 25, 26, 28, 35, 36, 37, 38, 41, 42, 44, 46, 51, 58, 59, 60], "excluded_lines": []}, "tests/test_runner.py": {"executed_lines": [], "summary": {"covered_lines": 0, "num_statements": 162, "percent_covered": 0.0, "percent_covered_display": "0", "missing_lines": 162, "excluded_lines": 0}, "missing_lines": [2, 7, 8, 9, 10, 11, 12, 13, 14, 15, 16, 17, 20, 23, 24, 25, 26, 28, 30, 42, 43, 45, 46, 48, 49, 50, 51, 53, 54, 55, 57, 59, 61, 63, 64, 65, 67, 68, 70, 72, 74, 75, 76, 78, 79, 81, 83, 85, 86, 87, 89, 90, 91, 92, 94, 95, 96, 97, 99, 100, 101, 102, 104, 105, 106, 107, 109, 116, 122, 124, 126, 129, 130, 131, 132, 139, 140, 142, 143, 145, 147, 153, 164, 166, 168, 170, 171, 173, 176, 177, 178, 179, 180, 181, 182, 188, 189, 190, 191, 194, 195, 196, 197, 198, 206, 207, 209, 210, 212, 225, 226, 228, 230, 232, 234, 235, 236, 237, 244, 245, 248, 251, 253, 259, 260, 270, 278, 280, 282, 428, 429, 430, 431, 434, 435, 436, 437, 443, 458, 459, 460, 462, 463, 466, 468, 471, 474, 475, 477, 479, 482, 483, 484, 485, 486, 487, 488, 489, 490, 492, 495, 496], "excluded_lines": []}, "tests/test_setup.py": {"executed_lines": [], "summary": {"covered_lines": 0, "num_statements": 34, "percent_covered": 0.0, "percent_covered_display": "0", "missing_lines": 34, "excluded_lines": 0}, "missing_lines": [4, 5, 8, 9, 11, 12, 13, 14, 16, 19, 22, 24, 25, 27, 29, 30, 31, 33, 35, 37, 39, 40, 43, 44, 46, 49, 50, 53, 55, 56, 57, 58, 59, 62], "excluded_lines": []}}, "totals": {"covered_lines": 2428, "num_statements": 6400, "percent_covered": 37.9375, "percent_covered_display": "38", "missing_lines": 3972, "excluded_lines": 0}}